DEBUG:root:FileName::InitRootInode
DEBUG:root:InodeNumber::InodeNumberToInode: 0
DEBUG:root:DiskBlocks::Get: block number 4
0000000000000000000000000000000000000000000000000000000000000000000000000000000000000000000000000000000000000000000000000000000000000000000000000000000000000000000000000000000000000000000000000000000000000000000000000000000000000000000000000000000000000000
DEBUG:root:InodeNumber::InodeNumberToInode: inode_number 0 raw_block_number: 4 slice start: 0 end: 16
DEBUG:root:inode_slice: 00000000000000000000000000000000
DEBUG:root:FileName::InitRootInode: calling AllocateDataBlock
DEBUG:root:FileName::AllocateDataBlock: 
DEBUG:root:DiskBlocks::Get: block number 2
0000000000000000000000000000000000000000000000000000000000000000000000000000000000000000000000000000000000000000000000000000000000000000000000000000000000000000000000000000000000000000000000000000000000000000000000000000000000000000000000000000000000000000
DEBUG:root:DiskBLocks::Put: block number 2 len 128
0000000000000100000000000000000000000000000000000000000000000000000000000000000000000000000000000000000000000000000000000000000000000000000000000000000000000000000000000000000000000000000000000000000000000000000000000000000000000000000000000000000000000000
DEBUG:root:FileName::AllocateDataBlock: allocated 6
DEBUG:root:FileName::InitRootInode: calling InsertFilenameInodeNumber
DEBUG:root:FileName::InsertFilenameInodeNumber: ., 0
DEBUG:root:DiskBlocks::Get: block number 6
0000000000000000000000000000000000000000000000000000000000000000000000000000000000000000000000000000000000000000000000000000000000000000000000000000000000000000000000000000000000000000000000000000000000000000000000000000000000000000000000000000000000000000
DEBUG:root:FileName::InsertFilenameInodeNumber: block read 
0000000000000000000000000000000000000000000000000000000000000000000000000000000000000000000000000000000000000000000000000000000000000000000000000000000000000000000000000000000000000000000000000000000000000000000000000000000000000000000000000000000000000000
DEBUG:root:FileName::InsertFilenameInodeNumber: string_start 0, string_end 12
DEBUG:root:FileName::InsertFilenameInodeNumber: inode_start 12, inode_end 16
DEBUG:root:DiskBLocks::Put: block number 6 len 128
2e00000000000000000000000000000000000000000000000000000000000000000000000000000000000000000000000000000000000000000000000000000000000000000000000000000000000000000000000000000000000000000000000000000000000000000000000000000000000000000000000000000000000000
DEBUG:root:FileName::InsertFilenameInodeNumber: insert_to.inode.size 0
DEBUG:root:InodeNumber::StoreInode: 0
DEBUG:root:InodeNumber::StoreInode: inode_table_raw_block_number 4
DEBUG:root:DiskBlocks::Get: block number 4
0000000000000000000000000000000000000000000000000000000000000000000000000000000000000000000000000000000000000000000000000000000000000000000000000000000000000000000000000000000000000000000000000000000000000000000000000000000000000000000000000000000000000000
DEBUG:root:InodeNumber::StoreInode: inode_table_raw_block:
0000000000000000000000000000000000000000000000000000000000000000000000000000000000000000000000000000000000000000000000000000000000000000000000000000000000000000000000000000000000000000000000000000000000000000000000000000000000000000000000000000000000000000
DEBUG:root:InodeNumber::StoreInode: start: 0, end: 16
DEBUG:root:InodeNumber::StoreInode: tempblock:
0000001000020001000000060000000000000000000000000000000000000000000000000000000000000000000000000000000000000000000000000000000000000000000000000000000000000000000000000000000000000000000000000000000000000000000000000000000000000000000000000000000000000000
DEBUG:root:DiskBLocks::Put: block number 4 len 128
0000001000020001000000060000000000000000000000000000000000000000000000000000000000000000000000000000000000000000000000000000000000000000000000000000000000000000000000000000000000000000000000000000000000000000000000000000000000000000000000000000000000000000
DEBUG:root:FileName::InitRootInode: calling StoreInode
DEBUG:root:InodeNumber::StoreInode: 0
DEBUG:root:InodeNumber::StoreInode: inode_table_raw_block_number 4
DEBUG:root:DiskBlocks::Get: block number 4
0000001000020001000000060000000000000000000000000000000000000000000000000000000000000000000000000000000000000000000000000000000000000000000000000000000000000000000000000000000000000000000000000000000000000000000000000000000000000000000000000000000000000000
DEBUG:root:InodeNumber::StoreInode: inode_table_raw_block:
0000001000020001000000060000000000000000000000000000000000000000000000000000000000000000000000000000000000000000000000000000000000000000000000000000000000000000000000000000000000000000000000000000000000000000000000000000000000000000000000000000000000000000
DEBUG:root:InodeNumber::StoreInode: start: 0, end: 16
DEBUG:root:InodeNumber::StoreInode: tempblock:
0000001000020001000000060000000000000000000000000000000000000000000000000000000000000000000000000000000000000000000000000000000000000000000000000000000000000000000000000000000000000000000000000000000000000000000000000000000000000000000000000000000000000000
DEBUG:root:DiskBLocks::Put: block number 4 len 128
0000001000020001000000060000000000000000000000000000000000000000000000000000000000000000000000000000000000000000000000000000000000000000000000000000000000000000000000000000000000000000000000000000000000000000000000000000000000000000000000000000000000000000
DEBUG:root:FileOperations::Create: dir: 0, name: f, type: 1
DEBUG:root:FileName::FindAvailableInode: 
DEBUG:root:InodeNumber::InodeNumberToInode: 0
DEBUG:root:DiskBlocks::Get: block number 4
0000001000020001000000060000000000000000000000000000000000000000000000000000000000000000000000000000000000000000000000000000000000000000000000000000000000000000000000000000000000000000000000000000000000000000000000000000000000000000000000000000000000000000
DEBUG:root:InodeNumber::InodeNumberToInode: inode_number 0 raw_block_number: 4 slice start: 0 end: 16
DEBUG:root:inode_slice: 00000010000200010000000600000000
DEBUG:root:InodeNumber::InodeNumberToInode: 1
DEBUG:root:DiskBlocks::Get: block number 4
0000001000020001000000060000000000000000000000000000000000000000000000000000000000000000000000000000000000000000000000000000000000000000000000000000000000000000000000000000000000000000000000000000000000000000000000000000000000000000000000000000000000000000
DEBUG:root:InodeNumber::InodeNumberToInode: inode_number 1 raw_block_number: 4 slice start: 16 end: 32
DEBUG:root:inode_slice: 00000000000000000000000000000000
DEBUG:root:FileName::FindAvailableInode: 1
DEBUG:root:InodeNumber::InodeNumberToInode: 0
DEBUG:root:DiskBlocks::Get: block number 4
0000001000020001000000060000000000000000000000000000000000000000000000000000000000000000000000000000000000000000000000000000000000000000000000000000000000000000000000000000000000000000000000000000000000000000000000000000000000000000000000000000000000000000
DEBUG:root:InodeNumber::InodeNumberToInode: inode_number 0 raw_block_number: 4 slice start: 0 end: 16
DEBUG:root:inode_slice: 00000010000200010000000600000000
DEBUG:root:FileName::FindAvailableFileEntry: dir: 0
DEBUG:root:InodeNumber::InodeNumberToInode: 0
DEBUG:root:DiskBlocks::Get: block number 4
0000001000020001000000060000000000000000000000000000000000000000000000000000000000000000000000000000000000000000000000000000000000000000000000000000000000000000000000000000000000000000000000000000000000000000000000000000000000000000000000000000000000000000
DEBUG:root:InodeNumber::InodeNumberToInode: inode_number 0 raw_block_number: 4 slice start: 0 end: 16
DEBUG:root:inode_slice: 00000010000200010000000600000000
DEBUG:root:FileName::FindAvailableFileEntry: 16
DEBUG:root:FileName::Lookup: f, 0
DEBUG:root:InodeNumber::InodeNumberToInode: 0
DEBUG:root:DiskBlocks::Get: block number 4
0000001000020001000000060000000000000000000000000000000000000000000000000000000000000000000000000000000000000000000000000000000000000000000000000000000000000000000000000000000000000000000000000000000000000000000000000000000000000000000000000000000000000000
DEBUG:root:InodeNumber::InodeNumberToInode: inode_number 0 raw_block_number: 4 slice start: 0 end: 16
DEBUG:root:inode_slice: 00000010000200010000000600000000
DEBUG:root:InodeNumber::InodeNumberToBlock: 0
DEBUG:root:InodeNumber::InodeNumberToInode: 0
DEBUG:root:DiskBlocks::Get: block number 4
0000001000020001000000060000000000000000000000000000000000000000000000000000000000000000000000000000000000000000000000000000000000000000000000000000000000000000000000000000000000000000000000000000000000000000000000000000000000000000000000000000000000000000
DEBUG:root:InodeNumber::InodeNumberToInode: inode_number 0 raw_block_number: 4 slice start: 0 end: 16
DEBUG:root:inode_slice: 00000010000200010000000600000000
DEBUG:root:DiskBlocks::Get: block number 6
2e00000000000000000000000000000000000000000000000000000000000000000000000000000000000000000000000000000000000000000000000000000000000000000000000000000000000000000000000000000000000000000000000000000000000000000000000000000000000000000000000000000000000000
DEBUG:root:FileName::HelperGetFilenameString: 2e00000000000000000000000000000000000000000000000000000000000000000000000000000000000000000000000000000000000000000000000000000000000000000000000000000000000000000000000000000000000000000000000000000000000000000000000000000000000000000000000000000000000000, 0
DEBUG:root:FileName::Lookup for f in 0: searching string bytearray(b'.\x00\x00\x00\x00\x00\x00\x00\x00\x00\x00\x00')
DEBUG:root:FileName::Lookup: file not found: f in 0
DEBUG:root:FileOperations::Create: inode_position: 1, fileentry_position: 16
DEBUG:root:InodeNumber::InodeNumberToInode: 1
DEBUG:root:DiskBlocks::Get: block number 4
0000001000020001000000060000000000000000000000000000000000000000000000000000000000000000000000000000000000000000000000000000000000000000000000000000000000000000000000000000000000000000000000000000000000000000000000000000000000000000000000000000000000000000
DEBUG:root:InodeNumber::InodeNumberToInode: inode_number 1 raw_block_number: 4 slice start: 16 end: 32
DEBUG:root:inode_slice: 00000000000000000000000000000000
DEBUG:root:InodeNumber::StoreInode: 1
DEBUG:root:InodeNumber::StoreInode: inode_table_raw_block_number 4
DEBUG:root:DiskBlocks::Get: block number 4
0000001000020001000000060000000000000000000000000000000000000000000000000000000000000000000000000000000000000000000000000000000000000000000000000000000000000000000000000000000000000000000000000000000000000000000000000000000000000000000000000000000000000000
DEBUG:root:InodeNumber::StoreInode: inode_table_raw_block:
0000001000020001000000060000000000000000000000000000000000000000000000000000000000000000000000000000000000000000000000000000000000000000000000000000000000000000000000000000000000000000000000000000000000000000000000000000000000000000000000000000000000000000
DEBUG:root:InodeNumber::StoreInode: start: 16, end: 32
DEBUG:root:InodeNumber::StoreInode: tempblock:
0000001000020001000000060000000000000000000100010000000000000000000000000000000000000000000000000000000000000000000000000000000000000000000000000000000000000000000000000000000000000000000000000000000000000000000000000000000000000000000000000000000000000000
DEBUG:root:DiskBLocks::Put: block number 4 len 128
0000001000020001000000060000000000000000000100010000000000000000000000000000000000000000000000000000000000000000000000000000000000000000000000000000000000000000000000000000000000000000000000000000000000000000000000000000000000000000000000000000000000000000
DEBUG:root:FileName::InsertFilenameInodeNumber: f, 1
DEBUG:root:DiskBlocks::Get: block number 6
2e00000000000000000000000000000000000000000000000000000000000000000000000000000000000000000000000000000000000000000000000000000000000000000000000000000000000000000000000000000000000000000000000000000000000000000000000000000000000000000000000000000000000000
DEBUG:root:FileName::InsertFilenameInodeNumber: block read 
2e00000000000000000000000000000000000000000000000000000000000000000000000000000000000000000000000000000000000000000000000000000000000000000000000000000000000000000000000000000000000000000000000000000000000000000000000000000000000000000000000000000000000000
DEBUG:root:FileName::InsertFilenameInodeNumber: string_start 16, string_end 28
DEBUG:root:FileName::InsertFilenameInodeNumber: inode_start 28, inode_end 32
DEBUG:root:DiskBLocks::Put: block number 6 len 128
2e00000000000000000000000000000066000000000000000000000000000001000000000000000000000000000000000000000000000000000000000000000000000000000000000000000000000000000000000000000000000000000000000000000000000000000000000000000000000000000000000000000000000000
DEBUG:root:FileName::InsertFilenameInodeNumber: insert_to.inode.size 16
DEBUG:root:InodeNumber::StoreInode: 0
DEBUG:root:InodeNumber::StoreInode: inode_table_raw_block_number 4
DEBUG:root:DiskBlocks::Get: block number 4
0000001000020001000000060000000000000000000100010000000000000000000000000000000000000000000000000000000000000000000000000000000000000000000000000000000000000000000000000000000000000000000000000000000000000000000000000000000000000000000000000000000000000000
DEBUG:root:InodeNumber::StoreInode: inode_table_raw_block:
0000001000020001000000060000000000000000000100010000000000000000000000000000000000000000000000000000000000000000000000000000000000000000000000000000000000000000000000000000000000000000000000000000000000000000000000000000000000000000000000000000000000000000
DEBUG:root:InodeNumber::StoreInode: start: 0, end: 16
DEBUG:root:InodeNumber::StoreInode: tempblock:
0000002000020001000000060000000000000000000100010000000000000000000000000000000000000000000000000000000000000000000000000000000000000000000000000000000000000000000000000000000000000000000000000000000000000000000000000000000000000000000000000000000000000000
DEBUG:root:DiskBLocks::Put: block number 4 len 128
0000002000020001000000060000000000000000000100010000000000000000000000000000000000000000000000000000000000000000000000000000000000000000000000000000000000000000000000000000000000000000000000000000000000000000000000000000000000000000000000000000000000000000
DEBUG:root:InodeNumber::StoreInode: 0
DEBUG:root:InodeNumber::StoreInode: inode_table_raw_block_number 4
DEBUG:root:DiskBlocks::Get: block number 4
0000002000020001000000060000000000000000000100010000000000000000000000000000000000000000000000000000000000000000000000000000000000000000000000000000000000000000000000000000000000000000000000000000000000000000000000000000000000000000000000000000000000000000
DEBUG:root:InodeNumber::StoreInode: inode_table_raw_block:
0000002000020001000000060000000000000000000100010000000000000000000000000000000000000000000000000000000000000000000000000000000000000000000000000000000000000000000000000000000000000000000000000000000000000000000000000000000000000000000000000000000000000000
DEBUG:root:InodeNumber::StoreInode: start: 0, end: 16
DEBUG:root:InodeNumber::StoreInode: tempblock:
0000002000020002000000060000000000000000000100010000000000000000000000000000000000000000000000000000000000000000000000000000000000000000000000000000000000000000000000000000000000000000000000000000000000000000000000000000000000000000000000000000000000000000
DEBUG:root:DiskBLocks::Put: block number 4 len 128
0000002000020002000000060000000000000000000100010000000000000000000000000000000000000000000000000000000000000000000000000000000000000000000000000000000000000000000000000000000000000000000000000000000000000000000000000000000000000000000000000000000000000000
DEBUG:root:FileOperations::Create: dir: 0, name: dir, type: 2
DEBUG:root:FileName::FindAvailableInode: 
DEBUG:root:InodeNumber::InodeNumberToInode: 0
DEBUG:root:DiskBlocks::Get: block number 4
0000002000020002000000060000000000000000000100010000000000000000000000000000000000000000000000000000000000000000000000000000000000000000000000000000000000000000000000000000000000000000000000000000000000000000000000000000000000000000000000000000000000000000
DEBUG:root:InodeNumber::InodeNumberToInode: inode_number 0 raw_block_number: 4 slice start: 0 end: 16
DEBUG:root:inode_slice: 00000020000200020000000600000000
DEBUG:root:InodeNumber::InodeNumberToInode: 1
DEBUG:root:DiskBlocks::Get: block number 4
0000002000020002000000060000000000000000000100010000000000000000000000000000000000000000000000000000000000000000000000000000000000000000000000000000000000000000000000000000000000000000000000000000000000000000000000000000000000000000000000000000000000000000
DEBUG:root:InodeNumber::InodeNumberToInode: inode_number 1 raw_block_number: 4 slice start: 16 end: 32
DEBUG:root:inode_slice: 00000000000100010000000000000000
DEBUG:root:InodeNumber::InodeNumberToInode: 2
DEBUG:root:DiskBlocks::Get: block number 4
0000002000020002000000060000000000000000000100010000000000000000000000000000000000000000000000000000000000000000000000000000000000000000000000000000000000000000000000000000000000000000000000000000000000000000000000000000000000000000000000000000000000000000
DEBUG:root:InodeNumber::InodeNumberToInode: inode_number 2 raw_block_number: 4 slice start: 32 end: 48
DEBUG:root:inode_slice: 00000000000000000000000000000000
DEBUG:root:FileName::FindAvailableInode: 2
DEBUG:root:InodeNumber::InodeNumberToInode: 0
DEBUG:root:DiskBlocks::Get: block number 4
0000002000020002000000060000000000000000000100010000000000000000000000000000000000000000000000000000000000000000000000000000000000000000000000000000000000000000000000000000000000000000000000000000000000000000000000000000000000000000000000000000000000000000
DEBUG:root:InodeNumber::InodeNumberToInode: inode_number 0 raw_block_number: 4 slice start: 0 end: 16
DEBUG:root:inode_slice: 00000020000200020000000600000000
DEBUG:root:FileName::FindAvailableFileEntry: dir: 0
DEBUG:root:InodeNumber::InodeNumberToInode: 0
DEBUG:root:DiskBlocks::Get: block number 4
0000002000020002000000060000000000000000000100010000000000000000000000000000000000000000000000000000000000000000000000000000000000000000000000000000000000000000000000000000000000000000000000000000000000000000000000000000000000000000000000000000000000000000
DEBUG:root:InodeNumber::InodeNumberToInode: inode_number 0 raw_block_number: 4 slice start: 0 end: 16
DEBUG:root:inode_slice: 00000020000200020000000600000000
DEBUG:root:FileName::FindAvailableFileEntry: 32
DEBUG:root:FileName::Lookup: dir, 0
DEBUG:root:InodeNumber::InodeNumberToInode: 0
DEBUG:root:DiskBlocks::Get: block number 4
0000002000020002000000060000000000000000000100010000000000000000000000000000000000000000000000000000000000000000000000000000000000000000000000000000000000000000000000000000000000000000000000000000000000000000000000000000000000000000000000000000000000000000
DEBUG:root:InodeNumber::InodeNumberToInode: inode_number 0 raw_block_number: 4 slice start: 0 end: 16
DEBUG:root:inode_slice: 00000020000200020000000600000000
DEBUG:root:InodeNumber::InodeNumberToBlock: 0
DEBUG:root:InodeNumber::InodeNumberToInode: 0
DEBUG:root:DiskBlocks::Get: block number 4
0000002000020002000000060000000000000000000100010000000000000000000000000000000000000000000000000000000000000000000000000000000000000000000000000000000000000000000000000000000000000000000000000000000000000000000000000000000000000000000000000000000000000000
DEBUG:root:InodeNumber::InodeNumberToInode: inode_number 0 raw_block_number: 4 slice start: 0 end: 16
DEBUG:root:inode_slice: 00000020000200020000000600000000
DEBUG:root:DiskBlocks::Get: block number 6
2e00000000000000000000000000000066000000000000000000000000000001000000000000000000000000000000000000000000000000000000000000000000000000000000000000000000000000000000000000000000000000000000000000000000000000000000000000000000000000000000000000000000000000
DEBUG:root:FileName::HelperGetFilenameString: 2e00000000000000000000000000000066000000000000000000000000000001000000000000000000000000000000000000000000000000000000000000000000000000000000000000000000000000000000000000000000000000000000000000000000000000000000000000000000000000000000000000000000000000, 0
DEBUG:root:FileName::Lookup for dir in 0: searching string bytearray(b'.\x00\x00\x00\x00\x00\x00\x00\x00\x00\x00\x00')
DEBUG:root:FileName::HelperGetFilenameString: 2e00000000000000000000000000000066000000000000000000000000000001000000000000000000000000000000000000000000000000000000000000000000000000000000000000000000000000000000000000000000000000000000000000000000000000000000000000000000000000000000000000000000000000, 1
DEBUG:root:FileName::Lookup for dir in 0: searching string bytearray(b'f\x00\x00\x00\x00\x00\x00\x00\x00\x00\x00\x00')
DEBUG:root:FileName::Lookup: file not found: dir in 0
DEBUG:root:FileOperations::Create: inode_position: 2, fileentry_position: 32
DEBUG:root:InodeNumber::InodeNumberToInode: 2
DEBUG:root:DiskBlocks::Get: block number 4
0000002000020002000000060000000000000000000100010000000000000000000000000000000000000000000000000000000000000000000000000000000000000000000000000000000000000000000000000000000000000000000000000000000000000000000000000000000000000000000000000000000000000000
DEBUG:root:InodeNumber::InodeNumberToInode: inode_number 2 raw_block_number: 4 slice start: 32 end: 48
DEBUG:root:inode_slice: 00000000000000000000000000000000
DEBUG:root:FileName::AllocateDataBlock: 
DEBUG:root:DiskBlocks::Get: block number 2
0000000000000100000000000000000000000000000000000000000000000000000000000000000000000000000000000000000000000000000000000000000000000000000000000000000000000000000000000000000000000000000000000000000000000000000000000000000000000000000000000000000000000000
DEBUG:root:DiskBlocks::Get: block number 2
0000000000000100000000000000000000000000000000000000000000000000000000000000000000000000000000000000000000000000000000000000000000000000000000000000000000000000000000000000000000000000000000000000000000000000000000000000000000000000000000000000000000000000
DEBUG:root:DiskBLocks::Put: block number 2 len 128
0000000000000101000000000000000000000000000000000000000000000000000000000000000000000000000000000000000000000000000000000000000000000000000000000000000000000000000000000000000000000000000000000000000000000000000000000000000000000000000000000000000000000000
DEBUG:root:FileName::AllocateDataBlock: allocated 7
DEBUG:root:InodeNumber::StoreInode: 2
DEBUG:root:InodeNumber::StoreInode: inode_table_raw_block_number 4
DEBUG:root:DiskBlocks::Get: block number 4
0000002000020002000000060000000000000000000100010000000000000000000000000000000000000000000000000000000000000000000000000000000000000000000000000000000000000000000000000000000000000000000000000000000000000000000000000000000000000000000000000000000000000000
DEBUG:root:InodeNumber::StoreInode: inode_table_raw_block:
0000002000020002000000060000000000000000000100010000000000000000000000000000000000000000000000000000000000000000000000000000000000000000000000000000000000000000000000000000000000000000000000000000000000000000000000000000000000000000000000000000000000000000
DEBUG:root:InodeNumber::StoreInode: start: 32, end: 48
DEBUG:root:InodeNumber::StoreInode: tempblock:
0000002000020002000000060000000000000000000100010000000000000000000000000002000100000007000000000000000000000000000000000000000000000000000000000000000000000000000000000000000000000000000000000000000000000000000000000000000000000000000000000000000000000000
DEBUG:root:DiskBLocks::Put: block number 4 len 128
0000002000020002000000060000000000000000000100010000000000000000000000000002000100000007000000000000000000000000000000000000000000000000000000000000000000000000000000000000000000000000000000000000000000000000000000000000000000000000000000000000000000000000
DEBUG:root:FileName::InsertFilenameInodeNumber: dir, 2
DEBUG:root:DiskBlocks::Get: block number 6
2e00000000000000000000000000000066000000000000000000000000000001000000000000000000000000000000000000000000000000000000000000000000000000000000000000000000000000000000000000000000000000000000000000000000000000000000000000000000000000000000000000000000000000
DEBUG:root:FileName::InsertFilenameInodeNumber: block read 
2e00000000000000000000000000000066000000000000000000000000000001000000000000000000000000000000000000000000000000000000000000000000000000000000000000000000000000000000000000000000000000000000000000000000000000000000000000000000000000000000000000000000000000
DEBUG:root:FileName::InsertFilenameInodeNumber: string_start 32, string_end 44
DEBUG:root:FileName::InsertFilenameInodeNumber: inode_start 44, inode_end 48
DEBUG:root:DiskBLocks::Put: block number 6 len 128
2e00000000000000000000000000000066000000000000000000000000000001646972000000000000000000000000020000000000000000000000000000000000000000000000000000000000000000000000000000000000000000000000000000000000000000000000000000000000000000000000000000000000000000
DEBUG:root:FileName::InsertFilenameInodeNumber: insert_to.inode.size 32
DEBUG:root:InodeNumber::StoreInode: 0
DEBUG:root:InodeNumber::StoreInode: inode_table_raw_block_number 4
DEBUG:root:DiskBlocks::Get: block number 4
0000002000020002000000060000000000000000000100010000000000000000000000000002000100000007000000000000000000000000000000000000000000000000000000000000000000000000000000000000000000000000000000000000000000000000000000000000000000000000000000000000000000000000
DEBUG:root:InodeNumber::StoreInode: inode_table_raw_block:
0000002000020002000000060000000000000000000100010000000000000000000000000002000100000007000000000000000000000000000000000000000000000000000000000000000000000000000000000000000000000000000000000000000000000000000000000000000000000000000000000000000000000000
DEBUG:root:InodeNumber::StoreInode: start: 0, end: 16
DEBUG:root:InodeNumber::StoreInode: tempblock:
0000003000020002000000060000000000000000000100010000000000000000000000000002000100000007000000000000000000000000000000000000000000000000000000000000000000000000000000000000000000000000000000000000000000000000000000000000000000000000000000000000000000000000
DEBUG:root:DiskBLocks::Put: block number 4 len 128
0000003000020002000000060000000000000000000100010000000000000000000000000002000100000007000000000000000000000000000000000000000000000000000000000000000000000000000000000000000000000000000000000000000000000000000000000000000000000000000000000000000000000000
DEBUG:root:FileName::InsertFilenameInodeNumber: ., 2
DEBUG:root:DiskBlocks::Get: block number 7
0000000000000000000000000000000000000000000000000000000000000000000000000000000000000000000000000000000000000000000000000000000000000000000000000000000000000000000000000000000000000000000000000000000000000000000000000000000000000000000000000000000000000000
DEBUG:root:FileName::InsertFilenameInodeNumber: block read 
0000000000000000000000000000000000000000000000000000000000000000000000000000000000000000000000000000000000000000000000000000000000000000000000000000000000000000000000000000000000000000000000000000000000000000000000000000000000000000000000000000000000000000
DEBUG:root:FileName::InsertFilenameInodeNumber: string_start 0, string_end 12
DEBUG:root:FileName::InsertFilenameInodeNumber: inode_start 12, inode_end 16
DEBUG:root:DiskBLocks::Put: block number 7 len 128
2e00000000000000000000000000000200000000000000000000000000000000000000000000000000000000000000000000000000000000000000000000000000000000000000000000000000000000000000000000000000000000000000000000000000000000000000000000000000000000000000000000000000000000
DEBUG:root:FileName::InsertFilenameInodeNumber: insert_to.inode.size 0
DEBUG:root:InodeNumber::StoreInode: 2
DEBUG:root:InodeNumber::StoreInode: inode_table_raw_block_number 4
DEBUG:root:DiskBlocks::Get: block number 4
0000003000020002000000060000000000000000000100010000000000000000000000000002000100000007000000000000000000000000000000000000000000000000000000000000000000000000000000000000000000000000000000000000000000000000000000000000000000000000000000000000000000000000
DEBUG:root:InodeNumber::StoreInode: inode_table_raw_block:
0000003000020002000000060000000000000000000100010000000000000000000000000002000100000007000000000000000000000000000000000000000000000000000000000000000000000000000000000000000000000000000000000000000000000000000000000000000000000000000000000000000000000000
DEBUG:root:InodeNumber::StoreInode: start: 32, end: 48
DEBUG:root:InodeNumber::StoreInode: tempblock:
0000003000020002000000060000000000000000000100010000000000000000000000100002000100000007000000000000000000000000000000000000000000000000000000000000000000000000000000000000000000000000000000000000000000000000000000000000000000000000000000000000000000000000
DEBUG:root:DiskBLocks::Put: block number 4 len 128
0000003000020002000000060000000000000000000100010000000000000000000000100002000100000007000000000000000000000000000000000000000000000000000000000000000000000000000000000000000000000000000000000000000000000000000000000000000000000000000000000000000000000000
DEBUG:root:FileName::InsertFilenameInodeNumber: .., 0
DEBUG:root:DiskBlocks::Get: block number 7
2e00000000000000000000000000000200000000000000000000000000000000000000000000000000000000000000000000000000000000000000000000000000000000000000000000000000000000000000000000000000000000000000000000000000000000000000000000000000000000000000000000000000000000
DEBUG:root:FileName::InsertFilenameInodeNumber: block read 
2e00000000000000000000000000000200000000000000000000000000000000000000000000000000000000000000000000000000000000000000000000000000000000000000000000000000000000000000000000000000000000000000000000000000000000000000000000000000000000000000000000000000000000
DEBUG:root:FileName::InsertFilenameInodeNumber: string_start 16, string_end 28
DEBUG:root:FileName::InsertFilenameInodeNumber: inode_start 28, inode_end 32
DEBUG:root:DiskBLocks::Put: block number 7 len 128
2e0000000000000000000000000000022e2e0000000000000000000000000000000000000000000000000000000000000000000000000000000000000000000000000000000000000000000000000000000000000000000000000000000000000000000000000000000000000000000000000000000000000000000000000000
DEBUG:root:FileName::InsertFilenameInodeNumber: insert_to.inode.size 16
DEBUG:root:InodeNumber::StoreInode: 2
DEBUG:root:InodeNumber::StoreInode: inode_table_raw_block_number 4
DEBUG:root:DiskBlocks::Get: block number 4
0000003000020002000000060000000000000000000100010000000000000000000000100002000100000007000000000000000000000000000000000000000000000000000000000000000000000000000000000000000000000000000000000000000000000000000000000000000000000000000000000000000000000000
DEBUG:root:InodeNumber::StoreInode: inode_table_raw_block:
0000003000020002000000060000000000000000000100010000000000000000000000100002000100000007000000000000000000000000000000000000000000000000000000000000000000000000000000000000000000000000000000000000000000000000000000000000000000000000000000000000000000000000
DEBUG:root:InodeNumber::StoreInode: start: 32, end: 48
DEBUG:root:InodeNumber::StoreInode: tempblock:
0000003000020002000000060000000000000000000100010000000000000000000000200002000100000007000000000000000000000000000000000000000000000000000000000000000000000000000000000000000000000000000000000000000000000000000000000000000000000000000000000000000000000000
DEBUG:root:DiskBLocks::Put: block number 4 len 128
0000003000020002000000060000000000000000000100010000000000000000000000200002000100000007000000000000000000000000000000000000000000000000000000000000000000000000000000000000000000000000000000000000000000000000000000000000000000000000000000000000000000000000
DEBUG:root:InodeNumber::StoreInode: 0
DEBUG:root:InodeNumber::StoreInode: inode_table_raw_block_number 4
DEBUG:root:DiskBlocks::Get: block number 4
0000003000020002000000060000000000000000000100010000000000000000000000200002000100000007000000000000000000000000000000000000000000000000000000000000000000000000000000000000000000000000000000000000000000000000000000000000000000000000000000000000000000000000
DEBUG:root:InodeNumber::StoreInode: inode_table_raw_block:
0000003000020002000000060000000000000000000100010000000000000000000000200002000100000007000000000000000000000000000000000000000000000000000000000000000000000000000000000000000000000000000000000000000000000000000000000000000000000000000000000000000000000000
DEBUG:root:InodeNumber::StoreInode: start: 0, end: 16
DEBUG:root:InodeNumber::StoreInode: tempblock:
0000003000020003000000060000000000000000000100010000000000000000000000200002000100000007000000000000000000000000000000000000000000000000000000000000000000000000000000000000000000000000000000000000000000000000000000000000000000000000000000000000000000000000
DEBUG:root:DiskBLocks::Put: block number 4 len 128
0000003000020003000000060000000000000000000100010000000000000000000000200002000100000007000000000000000000000000000000000000000000000000000000000000000000000000000000000000000000000000000000000000000000000000000000000000000000000000000000000000000000000000
DEBUG:root:AbsolutePathName::GeneralPathToInodeNumber: path: dir, cwd: 0
DEBUG:root:AbsolutePathName::PathToInodeNumber: path: dir, dir: 0
DEBUG:root:FileName::Lookup: dir, 0
DEBUG:root:InodeNumber::InodeNumberToInode: 0
DEBUG:root:DiskBlocks::Get: block number 4
0000003000020003000000060000000000000000000100010000000000000000000000200002000100000007000000000000000000000000000000000000000000000000000000000000000000000000000000000000000000000000000000000000000000000000000000000000000000000000000000000000000000000000
DEBUG:root:InodeNumber::InodeNumberToInode: inode_number 0 raw_block_number: 4 slice start: 0 end: 16
DEBUG:root:inode_slice: 00000030000200030000000600000000
DEBUG:root:InodeNumber::InodeNumberToBlock: 0
DEBUG:root:InodeNumber::InodeNumberToInode: 0
DEBUG:root:DiskBlocks::Get: block number 4
0000003000020003000000060000000000000000000100010000000000000000000000200002000100000007000000000000000000000000000000000000000000000000000000000000000000000000000000000000000000000000000000000000000000000000000000000000000000000000000000000000000000000000
DEBUG:root:InodeNumber::InodeNumberToInode: inode_number 0 raw_block_number: 4 slice start: 0 end: 16
DEBUG:root:inode_slice: 00000030000200030000000600000000
DEBUG:root:DiskBlocks::Get: block number 6
2e00000000000000000000000000000066000000000000000000000000000001646972000000000000000000000000020000000000000000000000000000000000000000000000000000000000000000000000000000000000000000000000000000000000000000000000000000000000000000000000000000000000000000
DEBUG:root:FileName::HelperGetFilenameString: 2e00000000000000000000000000000066000000000000000000000000000001646972000000000000000000000000020000000000000000000000000000000000000000000000000000000000000000000000000000000000000000000000000000000000000000000000000000000000000000000000000000000000000000, 0
DEBUG:root:FileName::Lookup for dir in 0: searching string bytearray(b'.\x00\x00\x00\x00\x00\x00\x00\x00\x00\x00\x00')
DEBUG:root:FileName::HelperGetFilenameString: 2e00000000000000000000000000000066000000000000000000000000000001646972000000000000000000000000020000000000000000000000000000000000000000000000000000000000000000000000000000000000000000000000000000000000000000000000000000000000000000000000000000000000000000, 1
DEBUG:root:FileName::Lookup for dir in 0: searching string bytearray(b'f\x00\x00\x00\x00\x00\x00\x00\x00\x00\x00\x00')
DEBUG:root:FileName::HelperGetFilenameString: 2e00000000000000000000000000000066000000000000000000000000000001646972000000000000000000000000020000000000000000000000000000000000000000000000000000000000000000000000000000000000000000000000000000000000000000000000000000000000000000000000000000000000000000, 2
DEBUG:root:FileName::Lookup for dir in 0: searching string bytearray(b'dir\x00\x00\x00\x00\x00\x00\x00\x00\x00')
DEBUG:root:FileName::HelperGetFilenameInodeNumber: 2e00000000000000000000000000000066000000000000000000000000000001646972000000000000000000000000020000000000000000000000000000000000000000000000000000000000000000000000000000000000000000000000000000000000000000000000000000000000000000000000000000000000000000, 2
DEBUG:root:FileName::Lookup successful: 2
DEBUG:root:InodeNumber::InodeNumberToInode: 2
DEBUG:root:DiskBlocks::Get: block number 4
0000003000020003000000060000000000000000000100010000000000000000000000200002000100000007000000000000000000000000000000000000000000000000000000000000000000000000000000000000000000000000000000000000000000000000000000000000000000000000000000000000000000000000
DEBUG:root:InodeNumber::InodeNumberToInode: inode_number 2 raw_block_number: 4 slice start: 32 end: 48
DEBUG:root:inode_slice: 00000020000200010000000700000000
DEBUG:root:AbsolutePathName::GeneralPathToInodeNumber: path: f, cwd: 2
DEBUG:root:AbsolutePathName::PathToInodeNumber: path: f, dir: 2
DEBUG:root:FileName::Lookup: f, 2
DEBUG:root:InodeNumber::InodeNumberToInode: 2
DEBUG:root:DiskBlocks::Get: block number 4
0000003000020003000000060000000000000000000100010000000000000000000000200002000100000007000000000000000000000000000000000000000000000000000000000000000000000000000000000000000000000000000000000000000000000000000000000000000000000000000000000000000000000000
DEBUG:root:InodeNumber::InodeNumberToInode: inode_number 2 raw_block_number: 4 slice start: 32 end: 48
DEBUG:root:inode_slice: 00000020000200010000000700000000
DEBUG:root:InodeNumber::InodeNumberToBlock: 0
DEBUG:root:InodeNumber::InodeNumberToInode: 2
DEBUG:root:DiskBlocks::Get: block number 4
0000003000020003000000060000000000000000000100010000000000000000000000200002000100000007000000000000000000000000000000000000000000000000000000000000000000000000000000000000000000000000000000000000000000000000000000000000000000000000000000000000000000000000
DEBUG:root:InodeNumber::InodeNumberToInode: inode_number 2 raw_block_number: 4 slice start: 32 end: 48
DEBUG:root:inode_slice: 00000020000200010000000700000000
DEBUG:root:DiskBlocks::Get: block number 7
2e0000000000000000000000000000022e2e0000000000000000000000000000000000000000000000000000000000000000000000000000000000000000000000000000000000000000000000000000000000000000000000000000000000000000000000000000000000000000000000000000000000000000000000000000
DEBUG:root:FileName::HelperGetFilenameString: 2e0000000000000000000000000000022e2e0000000000000000000000000000000000000000000000000000000000000000000000000000000000000000000000000000000000000000000000000000000000000000000000000000000000000000000000000000000000000000000000000000000000000000000000000000, 0
DEBUG:root:FileName::Lookup for f in 2: searching string bytearray(b'.\x00\x00\x00\x00\x00\x00\x00\x00\x00\x00\x00')
DEBUG:root:FileName::HelperGetFilenameString: 2e0000000000000000000000000000022e2e0000000000000000000000000000000000000000000000000000000000000000000000000000000000000000000000000000000000000000000000000000000000000000000000000000000000000000000000000000000000000000000000000000000000000000000000000000, 1
DEBUG:root:FileName::Lookup for f in 2: searching string bytearray(b'..\x00\x00\x00\x00\x00\x00\x00\x00\x00\x00')
DEBUG:root:FileName::Lookup: file not found: f in 2
DEBUG:root:AbsolutePathName::GeneralPathToInodeNumber: path: /f, cwd: 2
DEBUG:root:AbsolutePathName::GeneralPathToInodeNumber: cut_path: f
DEBUG:root:AbsolutePathName::PathToInodeNumber: path: f, dir: 0
DEBUG:root:FileName::Lookup: f, 0
DEBUG:root:InodeNumber::InodeNumberToInode: 0
DEBUG:root:DiskBlocks::Get: block number 4
0000003000020003000000060000000000000000000100010000000000000000000000200002000100000007000000000000000000000000000000000000000000000000000000000000000000000000000000000000000000000000000000000000000000000000000000000000000000000000000000000000000000000000
DEBUG:root:InodeNumber::InodeNumberToInode: inode_number 0 raw_block_number: 4 slice start: 0 end: 16
DEBUG:root:inode_slice: 00000030000200030000000600000000
DEBUG:root:InodeNumber::InodeNumberToBlock: 0
DEBUG:root:InodeNumber::InodeNumberToInode: 0
DEBUG:root:DiskBlocks::Get: block number 4
0000003000020003000000060000000000000000000100010000000000000000000000200002000100000007000000000000000000000000000000000000000000000000000000000000000000000000000000000000000000000000000000000000000000000000000000000000000000000000000000000000000000000000
DEBUG:root:InodeNumber::InodeNumberToInode: inode_number 0 raw_block_number: 4 slice start: 0 end: 16
DEBUG:root:inode_slice: 00000030000200030000000600000000
DEBUG:root:DiskBlocks::Get: block number 6
2e00000000000000000000000000000066000000000000000000000000000001646972000000000000000000000000020000000000000000000000000000000000000000000000000000000000000000000000000000000000000000000000000000000000000000000000000000000000000000000000000000000000000000
DEBUG:root:FileName::HelperGetFilenameString: 2e00000000000000000000000000000066000000000000000000000000000001646972000000000000000000000000020000000000000000000000000000000000000000000000000000000000000000000000000000000000000000000000000000000000000000000000000000000000000000000000000000000000000000, 0
DEBUG:root:FileName::Lookup for f in 0: searching string bytearray(b'.\x00\x00\x00\x00\x00\x00\x00\x00\x00\x00\x00')
DEBUG:root:FileName::HelperGetFilenameString: 2e00000000000000000000000000000066000000000000000000000000000001646972000000000000000000000000020000000000000000000000000000000000000000000000000000000000000000000000000000000000000000000000000000000000000000000000000000000000000000000000000000000000000000, 1
DEBUG:root:FileName::Lookup for f in 0: searching string bytearray(b'f\x00\x00\x00\x00\x00\x00\x00\x00\x00\x00\x00')
DEBUG:root:FileName::HelperGetFilenameInodeNumber: 2e00000000000000000000000000000066000000000000000000000000000001646972000000000000000000000000020000000000000000000000000000000000000000000000000000000000000000000000000000000000000000000000000000000000000000000000000000000000000000000000000000000000000000, 1
DEBUG:root:FileName::Lookup successful: 1
DEBUG:root:InodeNumber::InodeNumberToInode: 1
DEBUG:root:DiskBlocks::Get: block number 4
0000003000020003000000060000000000000000000100010000000000000000000000200002000100000007000000000000000000000000000000000000000000000000000000000000000000000000000000000000000000000000000000000000000000000000000000000000000000000000000000000000000000000000
DEBUG:root:InodeNumber::InodeNumberToInode: inode_number 1 raw_block_number: 4 slice start: 16 end: 32
DEBUG:root:inode_slice: 00000000000100010000000000000000
DEBUG:root:FileOperations::Write: file_inode_number: 1, offset: 0, len(data): 17
DEBUG:root:InodeNumber::InodeNumberToInode: 1
DEBUG:root:DiskBlocks::Get: block number 4
0000003000020003000000060000000000000000000100010000000000000000000000200002000100000007000000000000000000000000000000000000000000000000000000000000000000000000000000000000000000000000000000000000000000000000000000000000000000000000000000000000000000000000
DEBUG:root:InodeNumber::InodeNumberToInode: inode_number 1 raw_block_number: 4 slice start: 16 end: 32
DEBUG:root:inode_slice: 00000000000100010000000000000000
DEBUG:root:FileOperations::Write: current_block_index: 0 , next_block_boundary: 128
DEBUG:root:FileOperations::Write: write_start: 0 , write_end: 17
DEBUG:root:FileName::AllocateDataBlock: 
DEBUG:root:DiskBlocks::Get: block number 2
0000000000000101000000000000000000000000000000000000000000000000000000000000000000000000000000000000000000000000000000000000000000000000000000000000000000000000000000000000000000000000000000000000000000000000000000000000000000000000000000000000000000000000
DEBUG:root:DiskBlocks::Get: block number 2
0000000000000101000000000000000000000000000000000000000000000000000000000000000000000000000000000000000000000000000000000000000000000000000000000000000000000000000000000000000000000000000000000000000000000000000000000000000000000000000000000000000000000000
DEBUG:root:DiskBlocks::Get: block number 2
0000000000000101000000000000000000000000000000000000000000000000000000000000000000000000000000000000000000000000000000000000000000000000000000000000000000000000000000000000000000000000000000000000000000000000000000000000000000000000000000000000000000000000
DEBUG:root:DiskBLocks::Put: block number 2 len 128
0000000000000101010000000000000000000000000000000000000000000000000000000000000000000000000000000000000000000000000000000000000000000000000000000000000000000000000000000000000000000000000000000000000000000000000000000000000000000000000000000000000000000000
DEBUG:root:FileName::AllocateDataBlock: allocated 8
DEBUG:root:DiskBlocks::Get: block number 8
0000000000000000000000000000000000000000000000000000000000000000000000000000000000000000000000000000000000000000000000000000000000000000000000000000000000000000000000000000000000000000000000000000000000000000000000000000000000000000000000000000000000000000
DEBUG:root:DiskBLocks::Put: block number 8 len 128
776974685f6d6f72655f636f6e74656e74000000000000000000000000000000000000000000000000000000000000000000000000000000000000000000000000000000000000000000000000000000000000000000000000000000000000000000000000000000000000000000000000000000000000000000000000000000
DEBUG:root:FileOperations::Write: current_offset: 17 , bytes_written: 17 , len(data): 17
DEBUG:root:InodeNumber::StoreInode: 1
DEBUG:root:InodeNumber::StoreInode: inode_table_raw_block_number 4
DEBUG:root:DiskBlocks::Get: block number 4
0000003000020003000000060000000000000000000100010000000000000000000000200002000100000007000000000000000000000000000000000000000000000000000000000000000000000000000000000000000000000000000000000000000000000000000000000000000000000000000000000000000000000000
DEBUG:root:InodeNumber::StoreInode: inode_table_raw_block:
0000003000020003000000060000000000000000000100010000000000000000000000200002000100000007000000000000000000000000000000000000000000000000000000000000000000000000000000000000000000000000000000000000000000000000000000000000000000000000000000000000000000000000
DEBUG:root:InodeNumber::StoreInode: start: 16, end: 32
DEBUG:root:InodeNumber::StoreInode: tempblock:
0000003000020003000000060000000000000011000100010000000800000000000000200002000100000007000000000000000000000000000000000000000000000000000000000000000000000000000000000000000000000000000000000000000000000000000000000000000000000000000000000000000000000000
DEBUG:root:DiskBLocks::Put: block number 4 len 128
0000003000020003000000060000000000000011000100010000000800000000000000200002000100000007000000000000000000000000000000000000000000000000000000000000000000000000000000000000000000000000000000000000000000000000000000000000000000000000000000000000000000000000
DEBUG:root:AbsolutePathName::GeneralPathToInodeNumber: path: /f, cwd: 2
DEBUG:root:AbsolutePathName::GeneralPathToInodeNumber: cut_path: f
DEBUG:root:AbsolutePathName::PathToInodeNumber: path: f, dir: 0
DEBUG:root:FileName::Lookup: f, 0
DEBUG:root:InodeNumber::InodeNumberToInode: 0
DEBUG:root:DiskBlocks::Get: block number 4
0000003000020003000000060000000000000011000100010000000800000000000000200002000100000007000000000000000000000000000000000000000000000000000000000000000000000000000000000000000000000000000000000000000000000000000000000000000000000000000000000000000000000000
DEBUG:root:InodeNumber::InodeNumberToInode: inode_number 0 raw_block_number: 4 slice start: 0 end: 16
DEBUG:root:inode_slice: 00000030000200030000000600000000
DEBUG:root:InodeNumber::InodeNumberToBlock: 0
DEBUG:root:InodeNumber::InodeNumberToInode: 0
DEBUG:root:DiskBlocks::Get: block number 4
0000003000020003000000060000000000000011000100010000000800000000000000200002000100000007000000000000000000000000000000000000000000000000000000000000000000000000000000000000000000000000000000000000000000000000000000000000000000000000000000000000000000000000
DEBUG:root:InodeNumber::InodeNumberToInode: inode_number 0 raw_block_number: 4 slice start: 0 end: 16
DEBUG:root:inode_slice: 00000030000200030000000600000000
DEBUG:root:DiskBlocks::Get: block number 6
2e00000000000000000000000000000066000000000000000000000000000001646972000000000000000000000000020000000000000000000000000000000000000000000000000000000000000000000000000000000000000000000000000000000000000000000000000000000000000000000000000000000000000000
DEBUG:root:FileName::HelperGetFilenameString: 2e00000000000000000000000000000066000000000000000000000000000001646972000000000000000000000000020000000000000000000000000000000000000000000000000000000000000000000000000000000000000000000000000000000000000000000000000000000000000000000000000000000000000000, 0
DEBUG:root:FileName::Lookup for f in 0: searching string bytearray(b'.\x00\x00\x00\x00\x00\x00\x00\x00\x00\x00\x00')
DEBUG:root:FileName::HelperGetFilenameString: 2e00000000000000000000000000000066000000000000000000000000000001646972000000000000000000000000020000000000000000000000000000000000000000000000000000000000000000000000000000000000000000000000000000000000000000000000000000000000000000000000000000000000000000, 1
DEBUG:root:FileName::Lookup for f in 0: searching string bytearray(b'f\x00\x00\x00\x00\x00\x00\x00\x00\x00\x00\x00')
DEBUG:root:FileName::HelperGetFilenameInodeNumber: 2e00000000000000000000000000000066000000000000000000000000000001646972000000000000000000000000020000000000000000000000000000000000000000000000000000000000000000000000000000000000000000000000000000000000000000000000000000000000000000000000000000000000000000, 1
DEBUG:root:FileName::Lookup successful: 1
DEBUG:root:InodeNumber::InodeNumberToInode: 1
DEBUG:root:DiskBlocks::Get: block number 4
0000003000020003000000060000000000000011000100010000000800000000000000200002000100000007000000000000000000000000000000000000000000000000000000000000000000000000000000000000000000000000000000000000000000000000000000000000000000000000000000000000000000000000
DEBUG:root:InodeNumber::InodeNumberToInode: inode_number 1 raw_block_number: 4 slice start: 16 end: 32
DEBUG:root:inode_slice: 00000011000100010000000800000000
DEBUG:root:FileOperations::Read: file_inode_number: 1, offset: 0, count: 256
DEBUG:root:InodeNumber::InodeNumberToInode: 1
DEBUG:root:DiskBlocks::Get: block number 4
0000003000020003000000060000000000000011000100010000000800000000000000200002000100000007000000000000000000000000000000000000000000000000000000000000000000000000000000000000000000000000000000000000000000000000000000000000000000000000000000000000000000000000
DEBUG:root:InodeNumber::InodeNumberToInode: inode_number 1 raw_block_number: 4 slice start: 16 end: 32
DEBUG:root:inode_slice: 00000011000100010000000800000000
DEBUG:root:FileOperations::Read: current_block_index: 0 , next_block_boundary: 128
DEBUG:root:FileOperations::Read: read_start: 0 , read_end: 17
DEBUG:root:DiskBlocks::Get: block number 8
776974685f6d6f72655f636f6e74656e74000000000000000000000000000000000000000000000000000000000000000000000000000000000000000000000000000000000000000000000000000000000000000000000000000000000000000000000000000000000000000000000000000000000000000000000000000000
DEBUG:root:FileOperations::Read: current_offset: 17 , bytes_read: 17
DEBUG:root:AbsolutePathName::GeneralPathToInodeNumber: path: /f, cwd: 2
DEBUG:root:AbsolutePathName::GeneralPathToInodeNumber: cut_path: f
DEBUG:root:AbsolutePathName::PathToInodeNumber: path: f, dir: 0
DEBUG:root:FileName::Lookup: f, 0
DEBUG:root:InodeNumber::InodeNumberToInode: 0
DEBUG:root:DiskBlocks::Get: block number 4
0000003000020003000000060000000000000011000100010000000800000000000000200002000100000007000000000000000000000000000000000000000000000000000000000000000000000000000000000000000000000000000000000000000000000000000000000000000000000000000000000000000000000000
DEBUG:root:InodeNumber::InodeNumberToInode: inode_number 0 raw_block_number: 4 slice start: 0 end: 16
DEBUG:root:inode_slice: 00000030000200030000000600000000
DEBUG:root:InodeNumber::InodeNumberToBlock: 0
DEBUG:root:InodeNumber::InodeNumberToInode: 0
DEBUG:root:DiskBlocks::Get: block number 4
0000003000020003000000060000000000000011000100010000000800000000000000200002000100000007000000000000000000000000000000000000000000000000000000000000000000000000000000000000000000000000000000000000000000000000000000000000000000000000000000000000000000000000
DEBUG:root:InodeNumber::InodeNumberToInode: inode_number 0 raw_block_number: 4 slice start: 0 end: 16
DEBUG:root:inode_slice: 00000030000200030000000600000000
DEBUG:root:DiskBlocks::Get: block number 6
2e00000000000000000000000000000066000000000000000000000000000001646972000000000000000000000000020000000000000000000000000000000000000000000000000000000000000000000000000000000000000000000000000000000000000000000000000000000000000000000000000000000000000000
DEBUG:root:FileName::HelperGetFilenameString: 2e00000000000000000000000000000066000000000000000000000000000001646972000000000000000000000000020000000000000000000000000000000000000000000000000000000000000000000000000000000000000000000000000000000000000000000000000000000000000000000000000000000000000000, 0
DEBUG:root:FileName::Lookup for f in 0: searching string bytearray(b'.\x00\x00\x00\x00\x00\x00\x00\x00\x00\x00\x00')
DEBUG:root:FileName::HelperGetFilenameString: 2e00000000000000000000000000000066000000000000000000000000000001646972000000000000000000000000020000000000000000000000000000000000000000000000000000000000000000000000000000000000000000000000000000000000000000000000000000000000000000000000000000000000000000, 1
DEBUG:root:FileName::Lookup for f in 0: searching string bytearray(b'f\x00\x00\x00\x00\x00\x00\x00\x00\x00\x00\x00')
DEBUG:root:FileName::HelperGetFilenameInodeNumber: 2e00000000000000000000000000000066000000000000000000000000000001646972000000000000000000000000020000000000000000000000000000000000000000000000000000000000000000000000000000000000000000000000000000000000000000000000000000000000000000000000000000000000000000, 1
DEBUG:root:FileName::Lookup successful: 1
DEBUG:root:InodeNumber::InodeNumberToInode: 1
DEBUG:root:DiskBlocks::Get: block number 4
0000003000020003000000060000000000000011000100010000000800000000000000200002000100000007000000000000000000000000000000000000000000000000000000000000000000000000000000000000000000000000000000000000000000000000000000000000000000000000000000000000000000000000
DEBUG:root:InodeNumber::InodeNumberToInode: inode_number 1 raw_block_number: 4 slice start: 16 end: 32
DEBUG:root:inode_slice: 00000011000100010000000800000000
DEBUG:root:FileOperations::Slice: file_inode_number: 1, offset: 3, count: 9
DEBUG:root:InodeNumber::InodeNumberToInode: 1
DEBUG:root:DiskBlocks::Get: block number 4
0000003000020003000000060000000000000011000100010000000800000000000000200002000100000007000000000000000000000000000000000000000000000000000000000000000000000000000000000000000000000000000000000000000000000000000000000000000000000000000000000000000000000000
DEBUG:root:InodeNumber::InodeNumberToInode: inode_number 1 raw_block_number: 4 slice start: 16 end: 32
DEBUG:root:inode_slice: 00000011000100010000000800000000
DEBUG:root:FileOperations::Read: file_inode_number: 1, offset: 3, count: 9
DEBUG:root:InodeNumber::InodeNumberToInode: 1
DEBUG:root:DiskBlocks::Get: block number 4
0000003000020003000000060000000000000011000100010000000800000000000000200002000100000007000000000000000000000000000000000000000000000000000000000000000000000000000000000000000000000000000000000000000000000000000000000000000000000000000000000000000000000000
DEBUG:root:InodeNumber::InodeNumberToInode: inode_number 1 raw_block_number: 4 slice start: 16 end: 32
DEBUG:root:inode_slice: 00000011000100010000000800000000
DEBUG:root:FileOperations::Read: current_block_index: 0 , next_block_boundary: 128
DEBUG:root:FileOperations::Read: read_start: 3 , read_end: 12
DEBUG:root:DiskBlocks::Get: block number 8
776974685f6d6f72655f636f6e74656e74000000000000000000000000000000000000000000000000000000000000000000000000000000000000000000000000000000000000000000000000000000000000000000000000000000000000000000000000000000000000000000000000000000000000000000000000000000
DEBUG:root:FileOperations::Read: current_offset: 12 , bytes_read: 9
DEBUG:root:FileOperations::Write: file_inode_number: 1, offset: 0, len(data): 9
DEBUG:root:InodeNumber::InodeNumberToInode: 1
DEBUG:root:DiskBlocks::Get: block number 4
0000003000020003000000060000000000000011000100010000000800000000000000200002000100000007000000000000000000000000000000000000000000000000000000000000000000000000000000000000000000000000000000000000000000000000000000000000000000000000000000000000000000000000
DEBUG:root:InodeNumber::InodeNumberToInode: inode_number 1 raw_block_number: 4 slice start: 16 end: 32
DEBUG:root:inode_slice: 00000011000100010000000800000000
DEBUG:root:FileOperations::Write: current_block_index: 0 , next_block_boundary: 128
DEBUG:root:FileOperations::Write: write_start: 0 , write_end: 9
DEBUG:root:DiskBlocks::Get: block number 8
776974685f6d6f72655f636f6e74656e74000000000000000000000000000000000000000000000000000000000000000000000000000000000000000000000000000000000000000000000000000000000000000000000000000000000000000000000000000000000000000000000000000000000000000000000000000000
DEBUG:root:DiskBLocks::Put: block number 8 len 128
685f6d6f72655f636f5f636f6e74656e74000000000000000000000000000000000000000000000000000000000000000000000000000000000000000000000000000000000000000000000000000000000000000000000000000000000000000000000000000000000000000000000000000000000000000000000000000000
DEBUG:root:FileOperations::Write: current_offset: 9 , bytes_written: 9 , len(data): 9
DEBUG:root:InodeNumber::StoreInode: 1
DEBUG:root:InodeNumber::StoreInode: inode_table_raw_block_number 4
DEBUG:root:DiskBlocks::Get: block number 4
0000003000020003000000060000000000000011000100010000000800000000000000200002000100000007000000000000000000000000000000000000000000000000000000000000000000000000000000000000000000000000000000000000000000000000000000000000000000000000000000000000000000000000
DEBUG:root:InodeNumber::StoreInode: inode_table_raw_block:
0000003000020003000000060000000000000011000100010000000800000000000000200002000100000007000000000000000000000000000000000000000000000000000000000000000000000000000000000000000000000000000000000000000000000000000000000000000000000000000000000000000000000000
DEBUG:root:InodeNumber::StoreInode: start: 16, end: 32
DEBUG:root:InodeNumber::StoreInode: tempblock:
0000003000020003000000060000000000000009000100010000000800000000000000200002000100000007000000000000000000000000000000000000000000000000000000000000000000000000000000000000000000000000000000000000000000000000000000000000000000000000000000000000000000000000
DEBUG:root:DiskBLocks::Put: block number 4 len 128
0000003000020003000000060000000000000009000100010000000800000000000000200002000100000007000000000000000000000000000000000000000000000000000000000000000000000000000000000000000000000000000000000000000000000000000000000000000000000000000000000000000000000000
DEBUG:root:AbsolutePathName::GeneralPathToInodeNumber: path: /f, cwd: 2
DEBUG:root:AbsolutePathName::GeneralPathToInodeNumber: cut_path: f
DEBUG:root:AbsolutePathName::PathToInodeNumber: path: f, dir: 0
DEBUG:root:FileName::Lookup: f, 0
DEBUG:root:InodeNumber::InodeNumberToInode: 0
DEBUG:root:DiskBlocks::Get: block number 4
0000003000020003000000060000000000000009000100010000000800000000000000200002000100000007000000000000000000000000000000000000000000000000000000000000000000000000000000000000000000000000000000000000000000000000000000000000000000000000000000000000000000000000
DEBUG:root:InodeNumber::InodeNumberToInode: inode_number 0 raw_block_number: 4 slice start: 0 end: 16
DEBUG:root:inode_slice: 00000030000200030000000600000000
DEBUG:root:InodeNumber::InodeNumberToBlock: 0
DEBUG:root:InodeNumber::InodeNumberToInode: 0
DEBUG:root:DiskBlocks::Get: block number 4
0000003000020003000000060000000000000009000100010000000800000000000000200002000100000007000000000000000000000000000000000000000000000000000000000000000000000000000000000000000000000000000000000000000000000000000000000000000000000000000000000000000000000000
DEBUG:root:InodeNumber::InodeNumberToInode: inode_number 0 raw_block_number: 4 slice start: 0 end: 16
DEBUG:root:inode_slice: 00000030000200030000000600000000
DEBUG:root:DiskBlocks::Get: block number 6
2e00000000000000000000000000000066000000000000000000000000000001646972000000000000000000000000020000000000000000000000000000000000000000000000000000000000000000000000000000000000000000000000000000000000000000000000000000000000000000000000000000000000000000
DEBUG:root:FileName::HelperGetFilenameString: 2e00000000000000000000000000000066000000000000000000000000000001646972000000000000000000000000020000000000000000000000000000000000000000000000000000000000000000000000000000000000000000000000000000000000000000000000000000000000000000000000000000000000000000, 0
DEBUG:root:FileName::Lookup for f in 0: searching string bytearray(b'.\x00\x00\x00\x00\x00\x00\x00\x00\x00\x00\x00')
DEBUG:root:FileName::HelperGetFilenameString: 2e00000000000000000000000000000066000000000000000000000000000001646972000000000000000000000000020000000000000000000000000000000000000000000000000000000000000000000000000000000000000000000000000000000000000000000000000000000000000000000000000000000000000000, 1
DEBUG:root:FileName::Lookup for f in 0: searching string bytearray(b'f\x00\x00\x00\x00\x00\x00\x00\x00\x00\x00\x00')
DEBUG:root:FileName::HelperGetFilenameInodeNumber: 2e00000000000000000000000000000066000000000000000000000000000001646972000000000000000000000000020000000000000000000000000000000000000000000000000000000000000000000000000000000000000000000000000000000000000000000000000000000000000000000000000000000000000000, 1
DEBUG:root:FileName::Lookup successful: 1
DEBUG:root:InodeNumber::InodeNumberToInode: 1
DEBUG:root:DiskBlocks::Get: block number 4
0000003000020003000000060000000000000009000100010000000800000000000000200002000100000007000000000000000000000000000000000000000000000000000000000000000000000000000000000000000000000000000000000000000000000000000000000000000000000000000000000000000000000000
DEBUG:root:InodeNumber::InodeNumberToInode: inode_number 1 raw_block_number: 4 slice start: 16 end: 32
DEBUG:root:inode_slice: 00000009000100010000000800000000
DEBUG:root:FileOperations::Read: file_inode_number: 1, offset: 0, count: 256
DEBUG:root:InodeNumber::InodeNumberToInode: 1
DEBUG:root:DiskBlocks::Get: block number 4
0000003000020003000000060000000000000009000100010000000800000000000000200002000100000007000000000000000000000000000000000000000000000000000000000000000000000000000000000000000000000000000000000000000000000000000000000000000000000000000000000000000000000000
DEBUG:root:InodeNumber::InodeNumberToInode: inode_number 1 raw_block_number: 4 slice start: 16 end: 32
DEBUG:root:inode_slice: 00000009000100010000000800000000
DEBUG:root:FileOperations::Read: current_block_index: 0 , next_block_boundary: 128
DEBUG:root:FileOperations::Read: read_start: 0 , read_end: 9
DEBUG:root:DiskBlocks::Get: block number 8
685f6d6f72655f636f5f636f6e74656e74000000000000000000000000000000000000000000000000000000000000000000000000000000000000000000000000000000000000000000000000000000000000000000000000000000000000000000000000000000000000000000000000000000000000000000000000000000
DEBUG:root:FileOperations::Read: current_offset: 9 , bytes_read: 9
DEBUG:root:AbsolutePathName::GeneralPathToInodeNumber: path: /f, cwd: 2
DEBUG:root:AbsolutePathName::GeneralPathToInodeNumber: cut_path: f
DEBUG:root:AbsolutePathName::PathToInodeNumber: path: f, dir: 0
DEBUG:root:FileName::Lookup: f, 0
DEBUG:root:InodeNumber::InodeNumberToInode: 0
DEBUG:root:DiskBlocks::Get: block number 4
0000003000020003000000060000000000000009000100010000000800000000000000200002000100000007000000000000000000000000000000000000000000000000000000000000000000000000000000000000000000000000000000000000000000000000000000000000000000000000000000000000000000000000
DEBUG:root:InodeNumber::InodeNumberToInode: inode_number 0 raw_block_number: 4 slice start: 0 end: 16
DEBUG:root:inode_slice: 00000030000200030000000600000000
DEBUG:root:InodeNumber::InodeNumberToBlock: 0
DEBUG:root:InodeNumber::InodeNumberToInode: 0
DEBUG:root:DiskBlocks::Get: block number 4
0000003000020003000000060000000000000009000100010000000800000000000000200002000100000007000000000000000000000000000000000000000000000000000000000000000000000000000000000000000000000000000000000000000000000000000000000000000000000000000000000000000000000000
DEBUG:root:InodeNumber::InodeNumberToInode: inode_number 0 raw_block_number: 4 slice start: 0 end: 16
DEBUG:root:inode_slice: 00000030000200030000000600000000
DEBUG:root:DiskBlocks::Get: block number 6
2e00000000000000000000000000000066000000000000000000000000000001646972000000000000000000000000020000000000000000000000000000000000000000000000000000000000000000000000000000000000000000000000000000000000000000000000000000000000000000000000000000000000000000
DEBUG:root:FileName::HelperGetFilenameString: 2e00000000000000000000000000000066000000000000000000000000000001646972000000000000000000000000020000000000000000000000000000000000000000000000000000000000000000000000000000000000000000000000000000000000000000000000000000000000000000000000000000000000000000, 0
DEBUG:root:FileName::Lookup for f in 0: searching string bytearray(b'.\x00\x00\x00\x00\x00\x00\x00\x00\x00\x00\x00')
DEBUG:root:FileName::HelperGetFilenameString: 2e00000000000000000000000000000066000000000000000000000000000001646972000000000000000000000000020000000000000000000000000000000000000000000000000000000000000000000000000000000000000000000000000000000000000000000000000000000000000000000000000000000000000000, 1
DEBUG:root:FileName::Lookup for f in 0: searching string bytearray(b'f\x00\x00\x00\x00\x00\x00\x00\x00\x00\x00\x00')
DEBUG:root:FileName::HelperGetFilenameInodeNumber: 2e00000000000000000000000000000066000000000000000000000000000001646972000000000000000000000000020000000000000000000000000000000000000000000000000000000000000000000000000000000000000000000000000000000000000000000000000000000000000000000000000000000000000000, 1
DEBUG:root:FileName::Lookup successful: 1
DEBUG:root:InodeNumber::InodeNumberToInode: 1
DEBUG:root:DiskBlocks::Get: block number 4
0000003000020003000000060000000000000009000100010000000800000000000000200002000100000007000000000000000000000000000000000000000000000000000000000000000000000000000000000000000000000000000000000000000000000000000000000000000000000000000000000000000000000000
DEBUG:root:InodeNumber::InodeNumberToInode: inode_number 1 raw_block_number: 4 slice start: 16 end: 32
DEBUG:root:inode_slice: 00000009000100010000000800000000
DEBUG:root:FileOperations::Mirror: file_inode_number: 1
DEBUG:root:InodeNumber::InodeNumberToInode: 1
DEBUG:root:DiskBlocks::Get: block number 4
0000003000020003000000060000000000000009000100010000000800000000000000200002000100000007000000000000000000000000000000000000000000000000000000000000000000000000000000000000000000000000000000000000000000000000000000000000000000000000000000000000000000000000
DEBUG:root:InodeNumber::InodeNumberToInode: inode_number 1 raw_block_number: 4 slice start: 16 end: 32
DEBUG:root:inode_slice: 00000009000100010000000800000000
DEBUG:root:FileOperations::Read: file_inode_number: 1, offset: 0, count: 9
DEBUG:root:InodeNumber::InodeNumberToInode: 1
DEBUG:root:DiskBlocks::Get: block number 4
0000003000020003000000060000000000000009000100010000000800000000000000200002000100000007000000000000000000000000000000000000000000000000000000000000000000000000000000000000000000000000000000000000000000000000000000000000000000000000000000000000000000000000
DEBUG:root:InodeNumber::InodeNumberToInode: inode_number 1 raw_block_number: 4 slice start: 16 end: 32
DEBUG:root:inode_slice: 00000009000100010000000800000000
DEBUG:root:FileOperations::Read: current_block_index: 0 , next_block_boundary: 128
DEBUG:root:FileOperations::Read: read_start: 0 , read_end: 9
DEBUG:root:DiskBlocks::Get: block number 8
685f6d6f72655f636f5f636f6e74656e74000000000000000000000000000000000000000000000000000000000000000000000000000000000000000000000000000000000000000000000000000000000000000000000000000000000000000000000000000000000000000000000000000000000000000000000000000000
DEBUG:root:FileOperations::Read: current_offset: 9 , bytes_read: 9
DEBUG:root:FileOperations::Write: file_inode_number: 1, offset: 0, len(data): 9
DEBUG:root:InodeNumber::InodeNumberToInode: 1
DEBUG:root:DiskBlocks::Get: block number 4
0000003000020003000000060000000000000009000100010000000800000000000000200002000100000007000000000000000000000000000000000000000000000000000000000000000000000000000000000000000000000000000000000000000000000000000000000000000000000000000000000000000000000000
DEBUG:root:InodeNumber::InodeNumberToInode: inode_number 1 raw_block_number: 4 slice start: 16 end: 32
DEBUG:root:inode_slice: 00000009000100010000000800000000
DEBUG:root:FileOperations::Write: current_block_index: 0 , next_block_boundary: 128
DEBUG:root:FileOperations::Write: write_start: 0 , write_end: 9
DEBUG:root:DiskBlocks::Get: block number 8
685f6d6f72655f636f5f636f6e74656e74000000000000000000000000000000000000000000000000000000000000000000000000000000000000000000000000000000000000000000000000000000000000000000000000000000000000000000000000000000000000000000000000000000000000000000000000000000
DEBUG:root:DiskBLocks::Put: block number 8 len 128
6f635f65726f6d5f685f636f6e74656e74000000000000000000000000000000000000000000000000000000000000000000000000000000000000000000000000000000000000000000000000000000000000000000000000000000000000000000000000000000000000000000000000000000000000000000000000000000
DEBUG:root:FileOperations::Write: current_offset: 9 , bytes_written: 9 , len(data): 9
DEBUG:root:InodeNumber::StoreInode: 1
DEBUG:root:InodeNumber::StoreInode: inode_table_raw_block_number 4
DEBUG:root:DiskBlocks::Get: block number 4
0000003000020003000000060000000000000009000100010000000800000000000000200002000100000007000000000000000000000000000000000000000000000000000000000000000000000000000000000000000000000000000000000000000000000000000000000000000000000000000000000000000000000000
DEBUG:root:InodeNumber::StoreInode: inode_table_raw_block:
0000003000020003000000060000000000000009000100010000000800000000000000200002000100000007000000000000000000000000000000000000000000000000000000000000000000000000000000000000000000000000000000000000000000000000000000000000000000000000000000000000000000000000
DEBUG:root:InodeNumber::StoreInode: start: 16, end: 32
DEBUG:root:InodeNumber::StoreInode: tempblock:
0000003000020003000000060000000000000009000100010000000800000000000000200002000100000007000000000000000000000000000000000000000000000000000000000000000000000000000000000000000000000000000000000000000000000000000000000000000000000000000000000000000000000000
DEBUG:root:DiskBLocks::Put: block number 4 len 128
0000003000020003000000060000000000000009000100010000000800000000000000200002000100000007000000000000000000000000000000000000000000000000000000000000000000000000000000000000000000000000000000000000000000000000000000000000000000000000000000000000000000000000
DEBUG:root:AbsolutePathName::GeneralPathToInodeNumber: path: /f, cwd: 2
DEBUG:root:AbsolutePathName::GeneralPathToInodeNumber: cut_path: f
DEBUG:root:AbsolutePathName::PathToInodeNumber: path: f, dir: 0
DEBUG:root:FileName::Lookup: f, 0
DEBUG:root:InodeNumber::InodeNumberToInode: 0
DEBUG:root:DiskBlocks::Get: block number 4
0000003000020003000000060000000000000009000100010000000800000000000000200002000100000007000000000000000000000000000000000000000000000000000000000000000000000000000000000000000000000000000000000000000000000000000000000000000000000000000000000000000000000000
DEBUG:root:InodeNumber::InodeNumberToInode: inode_number 0 raw_block_number: 4 slice start: 0 end: 16
DEBUG:root:inode_slice: 00000030000200030000000600000000
DEBUG:root:InodeNumber::InodeNumberToBlock: 0
DEBUG:root:InodeNumber::InodeNumberToInode: 0
DEBUG:root:DiskBlocks::Get: block number 4
0000003000020003000000060000000000000009000100010000000800000000000000200002000100000007000000000000000000000000000000000000000000000000000000000000000000000000000000000000000000000000000000000000000000000000000000000000000000000000000000000000000000000000
DEBUG:root:InodeNumber::InodeNumberToInode: inode_number 0 raw_block_number: 4 slice start: 0 end: 16
DEBUG:root:inode_slice: 00000030000200030000000600000000
DEBUG:root:DiskBlocks::Get: block number 6
2e00000000000000000000000000000066000000000000000000000000000001646972000000000000000000000000020000000000000000000000000000000000000000000000000000000000000000000000000000000000000000000000000000000000000000000000000000000000000000000000000000000000000000
DEBUG:root:FileName::HelperGetFilenameString: 2e00000000000000000000000000000066000000000000000000000000000001646972000000000000000000000000020000000000000000000000000000000000000000000000000000000000000000000000000000000000000000000000000000000000000000000000000000000000000000000000000000000000000000, 0
DEBUG:root:FileName::Lookup for f in 0: searching string bytearray(b'.\x00\x00\x00\x00\x00\x00\x00\x00\x00\x00\x00')
DEBUG:root:FileName::HelperGetFilenameString: 2e00000000000000000000000000000066000000000000000000000000000001646972000000000000000000000000020000000000000000000000000000000000000000000000000000000000000000000000000000000000000000000000000000000000000000000000000000000000000000000000000000000000000000, 1
DEBUG:root:FileName::Lookup for f in 0: searching string bytearray(b'f\x00\x00\x00\x00\x00\x00\x00\x00\x00\x00\x00')
DEBUG:root:FileName::HelperGetFilenameInodeNumber: 2e00000000000000000000000000000066000000000000000000000000000001646972000000000000000000000000020000000000000000000000000000000000000000000000000000000000000000000000000000000000000000000000000000000000000000000000000000000000000000000000000000000000000000, 1
DEBUG:root:FileName::Lookup successful: 1
DEBUG:root:InodeNumber::InodeNumberToInode: 1
DEBUG:root:DiskBlocks::Get: block number 4
0000003000020003000000060000000000000009000100010000000800000000000000200002000100000007000000000000000000000000000000000000000000000000000000000000000000000000000000000000000000000000000000000000000000000000000000000000000000000000000000000000000000000000
DEBUG:root:InodeNumber::InodeNumberToInode: inode_number 1 raw_block_number: 4 slice start: 16 end: 32
DEBUG:root:inode_slice: 00000009000100010000000800000000
DEBUG:root:FileOperations::Read: file_inode_number: 1, offset: 0, count: 256
DEBUG:root:InodeNumber::InodeNumberToInode: 1
DEBUG:root:DiskBlocks::Get: block number 4
0000003000020003000000060000000000000009000100010000000800000000000000200002000100000007000000000000000000000000000000000000000000000000000000000000000000000000000000000000000000000000000000000000000000000000000000000000000000000000000000000000000000000000
DEBUG:root:InodeNumber::InodeNumberToInode: inode_number 1 raw_block_number: 4 slice start: 16 end: 32
DEBUG:root:inode_slice: 00000009000100010000000800000000
DEBUG:root:FileOperations::Read: current_block_index: 0 , next_block_boundary: 128
DEBUG:root:FileOperations::Read: read_start: 0 , read_end: 9
DEBUG:root:DiskBlocks::Get: block number 8
6f635f65726f6d5f685f636f6e74656e74000000000000000000000000000000000000000000000000000000000000000000000000000000000000000000000000000000000000000000000000000000000000000000000000000000000000000000000000000000000000000000000000000000000000000000000000000000
DEBUG:root:FileOperations::Read: current_offset: 9 , bytes_read: 9
